Determining if the pthread_create exist failed with the following output:
Change Dir: /home/arcl3/software/ceres-solver-1.13.0/Rastrigin/build/CMakeFiles/CMakeTmp

Run Build Command:"/usr/bin/make" "cmTC_79f07/fast"
/usr/bin/make -f CMakeFiles/cmTC_79f07.dir/build.make CMakeFiles/cmTC_79f07.dir/build
make[1]: Entering directory '/home/arcl3/software/ceres-solver-1.13.0/Rastrigin/build/CMakeFiles/CMakeTmp'
Building C object CMakeFiles/cmTC_79f07.dir/CheckSymbolExists.c.o
/usr/bin/cc     -o CMakeFiles/cmTC_79f07.dir/CheckSymbolExists.c.o   -c /home/arcl3/software/ceres-solver-1.13.0/Rastrigin/build/CMakeFiles/CMakeTmp/CheckSymbolExists.c
Linking C executable cmTC_79f07
/usr/bin/cmake -E cmake_link_script CMakeFiles/cmTC_79f07.dir/link.txt --verbose=1
/usr/bin/cc       CMakeFiles/cmTC_79f07.dir/CheckSymbolExists.c.o  -o cmTC_79f07 -rdynamic 
CMakeFiles/cmTC_79f07.dir/CheckSymbolExists.c.o: In function `main':
CheckSymbolExists.c:(.text+0x16): undefined reference to `pthread_create'
collect2: error: ld returned 1 exit status
CMakeFiles/cmTC_79f07.dir/build.make:97: recipe for target 'cmTC_79f07' failed
make[1]: *** [cmTC_79f07] Error 1
make[1]: Leaving directory '/home/arcl3/software/ceres-solver-1.13.0/Rastrigin/build/CMakeFiles/CMakeTmp'
Makefile:126: recipe for target 'cmTC_79f07/fast' failed
make: *** [cmTC_79f07/fast] Error 2

File /home/arcl3/software/ceres-solver-1.13.0/Rastrigin/build/CMakeFiles/CMakeTmp/CheckSymbolExists.c:
/* */
#include <pthread.h>

int main(int argc, char** argv)
{
  (void)argv;
#ifndef pthread_create
  return ((int*)(&pthread_create))[argc];
#else
  (void)argc;
  return 0;
#endif
}

Determining if the function pthread_create exists in the pthreads failed with the following output:
Change Dir: /home/arcl3/software/ceres-solver-1.13.0/Rastrigin/build/CMakeFiles/CMakeTmp

Run Build Command:"/usr/bin/make" "cmTC_eae2e/fast"
/usr/bin/make -f CMakeFiles/cmTC_eae2e.dir/build.make CMakeFiles/cmTC_eae2e.dir/build
make[1]: Entering directory '/home/arcl3/software/ceres-solver-1.13.0/Rastrigin/build/CMakeFiles/CMakeTmp'
Building C object CMakeFiles/cmTC_eae2e.dir/CheckFunctionExists.c.o
/usr/bin/cc    -DCHECK_FUNCTION_EXISTS=pthread_create   -o CMakeFiles/cmTC_eae2e.dir/CheckFunctionExists.c.o   -c /usr/share/cmake-3.5/Modules/CheckFunctionExists.c
Linking C executable cmTC_eae2e
/usr/bin/cmake -E cmake_link_script CMakeFiles/cmTC_eae2e.dir/link.txt --verbose=1
/usr/bin/cc   -DCHECK_FUNCTION_EXISTS=pthread_create    CMakeFiles/cmTC_eae2e.dir/CheckFunctionExists.c.o  -o cmTC_eae2e -rdynamic -lpthreads 
/usr/bin/ld: cannot find -lpthreads
collect2: error: ld returned 1 exit status
CMakeFiles/cmTC_eae2e.dir/build.make:97: recipe for target 'cmTC_eae2e' failed
make[1]: *** [cmTC_eae2e] Error 1
make[1]: Leaving directory '/home/arcl3/software/ceres-solver-1.13.0/Rastrigin/build/CMakeFiles/CMakeTmp'
Makefile:126: recipe for target 'cmTC_eae2e/fast' failed
make: *** [cmTC_eae2e/fast] Error 2


